<?xml version="1.0" encoding="UTF-8"?>
<testng-results skipped="0" failed="0" ignored="0" total="1" passed="1">
  <reporter-output>
    <line>
      <![CDATA[Empty Chrome Browser is launched Successfully]]>
    </line>
    <line>
      <![CDATA[Browser Window is maximized]]>
    </line>
    <line>
      <![CDATA[Hotels home page should display]]>
    </line>
    <line>
      <![CDATA[Place holder should disapear]]>
    </line>
  </reporter-output>
  <suite name="Default suite" duration-ms="37467" started-at="2023-01-20T15:52:37 IST" finished-at="2023-01-20T15:53:14 IST">
    <groups>
    </groups>
    <test name="Default test" duration-ms="37467" started-at="2023-01-20T15:52:37 IST" finished-at="2023-01-20T15:53:14 IST">
      <class name="ViaProjectScript.TCID_001_Destiation">
        <test-method status="PASS" signature="browserSetUp(java.lang.String)[pri:0, instance:ViaProjectScript.TCID_001_Destiation@9660f4e]" name="browserSetUp" is-config="true" duration-ms="21369" started-at="2023-01-20T15:52:37 IST" finished-at="2023-01-20T15:52:58 IST">
          <params>
            <param index="0">
              <value>
                <![CDATA[chrome]]>
              </value>
            </param>
          </params>
          <reporter-output>
            <line>
              <![CDATA[Empty Chrome Browser is launched Successfully]]>
            </line>
            <line>
              <![CDATA[Browser Window is maximized]]>
            </line>
          </reporter-output>
        </test-method> <!-- browserSetUp -->
        <test-method status="PASS" signature="Destinationloc()[pri:0, instance:ViaProjectScript.TCID_001_Destiation@9660f4e]" name="Destinationloc" duration-ms="15947" started-at="2023-01-20T15:52:58 IST" finished-at="2023-01-20T15:53:14 IST">
          <reporter-output>
            <line>
              <![CDATA[Hotels home page should display]]>
            </line>
            <line>
              <![CDATA[Place holder should disapear]]>
            </line>
          </reporter-output>
        </test-method> <!-- Destinationloc -->
        <test-method status="PASS" signature="browserTermination()[pri:0, instance:ViaProjectScript.TCID_001_Destiation@9660f4e]" name="browserTermination" is-config="true" duration-ms="3" started-at="2023-01-20T15:53:14 IST" finished-at="2023-01-20T15:53:14 IST">
          <reporter-output>
          </reporter-output>
        </test-method> <!-- browserTermination -->
      </class> <!-- ViaProjectScript.TCID_001_Destiation -->
    </test> <!-- Default test -->
  </suite> <!-- Default suite -->
</testng-results>
