<?xml version="1.0" encoding="UTF-8"?>
<!-- Generated by org.testng.reporters.JUnitXMLReporter -->
<testsuite hostname="DESKTOP-66NPI4H" ignored="0" name="firefoxTest" tests="7" failures="7" timestamp="2023-01-18T20:06:18 IST" time="0.073" errors="0">
  <testcase name="createuser" time="0.001" classname="testNG.RegisterUserByFetchingDataFromExcel">
    <failure type="testNG.InvalidBrowserNameException" message="Please enter valid browser">
      <![CDATA[testNG.InvalidBrowserNameException: Please enter valid browser
at testNG.RegisterUserByFetchingDataFromExcel.createuser(RegisterUserByFetchingDataFromExcel.java:63)
at java.util.ArrayList.forEach(ArrayList.java:1257)
... Removed 27 stack frames]]>
    </failure>
  </testcase> <!-- createuser -->
  <testcase name="createuser" time="0.001" classname="testNG.RegisterUserByFetchingDataFromExcel">
    <failure type="testNG.InvalidBrowserNameException" message="Please enter valid browser">
      <![CDATA[testNG.InvalidBrowserNameException: Please enter valid browser
at testNG.RegisterUserByFetchingDataFromExcel.createuser(RegisterUserByFetchingDataFromExcel.java:63)
at java.util.ArrayList.forEach(ArrayList.java:1257)
... Removed 27 stack frames]]>
    </failure>
  </testcase> <!-- createuser -->
  <testcase name="createuser" time="0.002" classname="testNG.RegisterUserByFetchingDataFromExcel">
    <failure type="testNG.InvalidBrowserNameException" message="Please enter valid browser">
      <![CDATA[testNG.InvalidBrowserNameException: Please enter valid browser
at testNG.RegisterUserByFetchingDataFromExcel.createuser(RegisterUserByFetchingDataFromExcel.java:63)
at java.util.ArrayList.forEach(ArrayList.java:1257)
... Removed 27 stack frames]]>
    </failure>
  </testcase> <!-- createuser -->
  <testcase name="createuser" time="0.001" classname="testNG.RegisterUserByFetchingDataFromExcel">
    <failure type="testNG.InvalidBrowserNameException" message="Please enter valid browser">
      <![CDATA[testNG.InvalidBrowserNameException: Please enter valid browser
at testNG.RegisterUserByFetchingDataFromExcel.createuser(RegisterUserByFetchingDataFromExcel.java:63)
at java.util.ArrayList.forEach(ArrayList.java:1257)
... Removed 27 stack frames]]>
    </failure>
  </testcase> <!-- createuser -->
  <testcase name="createuser" time="0.001" classname="testNG.RegisterUserByFetchingDataFromExcel">
    <failure type="testNG.InvalidBrowserNameException" message="Please enter valid browser">
      <![CDATA[testNG.InvalidBrowserNameException: Please enter valid browser
at testNG.RegisterUserByFetchingDataFromExcel.createuser(RegisterUserByFetchingDataFromExcel.java:63)
at java.util.ArrayList.forEach(ArrayList.java:1257)
... Removed 27 stack frames]]>
    </failure>
  </testcase> <!-- createuser -->
  <testcase name="createuser" time="0.001" classname="testNG.RegisterUserByFetchingDataFromExcel">
    <failure type="testNG.InvalidBrowserNameException" message="Please enter valid browser">
      <![CDATA[testNG.InvalidBrowserNameException: Please enter valid browser
at testNG.RegisterUserByFetchingDataFromExcel.createuser(RegisterUserByFetchingDataFromExcel.java:63)
at java.util.ArrayList.forEach(ArrayList.java:1257)
... Removed 27 stack frames]]>
    </failure>
  </testcase> <!-- createuser -->
  <testcase name="createuser" time="0.002" classname="testNG.RegisterUserByFetchingDataFromExcel">
    <failure type="testNG.InvalidBrowserNameException" message="Please enter valid browser">
      <![CDATA[testNG.InvalidBrowserNameException: Please enter valid browser
at testNG.RegisterUserByFetchingDataFromExcel.createuser(RegisterUserByFetchingDataFromExcel.java:63)
at java.util.ArrayList.forEach(ArrayList.java:1257)
... Removed 27 stack frames]]>
    </failure>
  </testcase> <!-- createuser -->
</testsuite> <!-- firefoxTest -->
